Build started 1/31/2016 11:54:11 PM.
     1>Project "C:\Users\Victor\Documents\Sudoku\Sudoku\Sudoku\Sudoku.vcxproj" on node 2 (Build target(s)).
     1>ClCompile:
         C:\Program Files (x86)\Microsoft Visual Studio 12.0\VC\bin\CL.exe /c /ZI /nologo /W3 /WX- /Od /Oy- /D WIN32 /D _DEBUG /D _CONSOLE /D _LIB /D _UNICODE /D UNICODE /Gm /EHsc /RTC1 /MDd /GS /fp:precise /Zc:wchar_t /Zc:forScope /Fo"Debug\\" /Fd"Debug\vc120.pdb" /Gd /TP /analyze- /errorReport:prompt Sudoku.cpp
         Sudoku.cpp
     1>c:\users\victor\documents\sudoku\sudoku\sudoku\sudoku.cpp(104): warning C4018: '<' : signed/unsigned mismatch
     1>c:\users\victor\documents\sudoku\sudoku\sudoku\sudoku.cpp(178): warning C4244: 'argument' : conversion from 'float' to 'const int', possible loss of data
     1>c:\users\victor\documents\sudoku\sudoku\sudoku\sudoku.cpp(179): warning C4244: 'argument' : conversion from 'float' to 'const int', possible loss of data
     1>c:\users\victor\documents\sudoku\sudoku\sudoku\sudoku.cpp(180): warning C4244: 'argument' : conversion from 'float' to 'const int', possible loss of data
     1>c:\users\victor\documents\sudoku\sudoku\sudoku\sudoku.cpp(184): warning C4018: '<' : signed/unsigned mismatch
     1>c:\users\victor\documents\sudoku\sudoku\sudoku\sudoku.cpp(186): warning C4018: '<' : signed/unsigned mismatch
     1>c:\users\victor\documents\sudoku\sudoku\sudoku\sudoku.cpp(209): warning C4018: '<' : signed/unsigned mismatch
     1>c:\users\victor\documents\sudoku\sudoku\sudoku\sudoku.cpp(258): warning C4244: '=' : conversion from 'int' to 'float', possible loss of data
     1>c:\users\victor\documents\sudoku\sudoku\sudoku\sudoku.cpp(279): warning C4244: '=' : conversion from 'int' to 'float', possible loss of data
     1>c:\users\victor\documents\sudoku\sudoku\sudoku\sudoku.cpp(312): warning C4244: 'initializing' : conversion from 'float' to 'int', possible loss of data
     1>c:\users\victor\documents\sudoku\sudoku\sudoku\sudoku.cpp(334): warning C4244: '=' : conversion from 'float' to 'int', possible loss of data
     1>c:\users\victor\documents\sudoku\sudoku\sudoku\sudoku.cpp(338): warning C4018: '<' : signed/unsigned mismatch
     1>c:\users\victor\documents\sudoku\sudoku\sudoku\sudoku.cpp(363): warning C4018: '<' : signed/unsigned mismatch
     1>c:\users\victor\documents\sudoku\sudoku\sudoku\sudoku.cpp(365): warning C4018: '<' : signed/unsigned mismatch
     1>c:\users\victor\documents\sudoku\sudoku\sudoku\sudoku.cpp(384): warning C4244: 'initializing' : conversion from 'float' to 'int', possible loss of data
     1>c:\users\victor\documents\sudoku\sudoku\sudoku\sudoku.cpp(404): warning C4244: 'initializing' : conversion from 'float' to 'int', possible loss of data
     1>c:\users\victor\documents\sudoku\sudoku\sudoku\sudoku.cpp(423): warning C4244: 'initializing' : conversion from 'float' to 'int', possible loss of data
     1>c:\users\victor\documents\sudoku\sudoku\sudoku\sudoku.cpp(445): warning C4018: '<' : signed/unsigned mismatch
     1>c:\users\victor\documents\sudoku\sudoku\sudoku\sudoku.cpp(524): warning C4244: 'initializing' : conversion from 'float' to 'int', possible loss of data
     1>c:\users\victor\documents\sudoku\sudoku\sudoku\sudoku.cpp(542): warning C4244: 'initializing' : conversion from 'float' to 'int', possible loss of data
     1>c:\users\victor\documents\sudoku\sudoku\sudoku\sudoku.cpp(592): warning C4244: '=' : conversion from 'int' to 'float', possible loss of data
       Link:
         C:\Program Files (x86)\Microsoft Visual Studio 12.0\VC\bin\link.exe /ERRORREPORT:PROMPT /OUT:"C:\Users\Victor\Documents\Sudoku\Sudoku\Debug\Sudoku.exe" /INCREMENTAL /NOLOGO kernel32.lib user32.lib gdi32.lib winspool.lib comdlg32.lib advapi32.lib shell32.lib ole32.lib oleaut32.lib uuid.lib odbc32.lib odbccp32.lib /MANIFEST /MANIFESTUAC:"level='asInvoker' uiAccess='false'" /manifest:embed /DEBUG /PDB:"C:\Users\Victor\Documents\Sudoku\Sudoku\Debug\Sudoku.pdb" /SUBSYSTEM:CONSOLE /TLBID:1 /DYNAMICBASE /NXCOMPAT /IMPLIB:"C:\Users\Victor\Documents\Sudoku\Sudoku\Debug\Sudoku.lib" /MACHINE:X86 Debug\FileManager.obj
         Debug\main.obj
         Debug\Square.obj
         Debug\Sudoku.obj
         Sudoku.vcxproj -> C:\Users\Victor\Documents\Sudoku\Sudoku\Debug\Sudoku.exe
     1>Done Building Project "C:\Users\Victor\Documents\Sudoku\Sudoku\Sudoku\Sudoku.vcxproj" (Build target(s)).

Build succeeded.

Time Elapsed 00:00:01.08
